c:\users\steven\dropbox\informatik 3\test drekstalalko\mapdll\mapdll\debug\mapdll.pch
c:\users\steven\dropbox\informatik 3\test drekstalalko\mapdll\mapdll\debug\vc120.pdb
c:\users\steven\dropbox\informatik 3\test drekstalalko\mapdll\mapdll\debug\vc120.idb
c:\users\steven\dropbox\informatik 3\test drekstalalko\mapdll\mapdll\debug\stdafx.obj
c:\users\steven\dropbox\informatik 3\test drekstalalko\mapdll\mapdll\debug\dllmain.obj
c:\users\steven\dropbox\informatik 3\test drekstalalko\mapdll\mapdll\debug\main.obj
c:\users\steven\dropbox\informatik 3\test drekstalalko\mapdll\mapdll\debug\mapdll.obj
c:\users\steven\dropbox\informatik 3\test drekstalalko\testprojekt\dlluser\bin\debug\mapdll.ilk
c:\users\steven\dropbox\informatik 3\test drekstalalko\testprojekt\dlluser\bin\debug\mapdll.dll
c:\users\steven\dropbox\informatik 3\test drekstalalko\testprojekt\dlluser\bin\debug\mapdll.pdb
c:\users\steven\dropbox\informatik 3\test drekstalalko\testprojekt\dlluser\bin\debug\mapdll.lib
c:\users\steven\dropbox\informatik 3\test drekstalalko\testprojekt\dlluser\bin\debug\mapdll.exp
c:\users\steven\dropbox\informatik 3\test drekstalalko\mapdll\mapdll\..\..\testprojekt\dlluser\bin\debug\mapdll.dll
c:\users\steven\dropbox\informatik 3\test drekstalalko\mapdll\mapdll\debug\mapdll.tlog\cl.command.1.tlog
c:\users\steven\dropbox\informatik 3\test drekstalalko\mapdll\mapdll\debug\mapdll.tlog\cl.read.1.tlog
c:\users\steven\dropbox\informatik 3\test drekstalalko\mapdll\mapdll\debug\mapdll.tlog\cl.write.1.tlog
c:\users\steven\dropbox\informatik 3\test drekstalalko\mapdll\mapdll\debug\mapdll.tlog\link.command.1.tlog
c:\users\steven\dropbox\informatik 3\test drekstalalko\mapdll\mapdll\debug\mapdll.tlog\link.read.1.tlog
c:\users\steven\dropbox\informatik 3\test drekstalalko\mapdll\mapdll\debug\mapdll.tlog\link.write.1.tlog
c:\users\steven\dropbox\informatik 3\test drekstalalko\mapdll\mapdll\debug\mapdll.tlog\mapdll.write.1u.tlog
