Der Buildvorgang wurde am 03.12.2014 18:12:47 gestartet.
     1>Projekt "C:\Users\Tim\Documents\Visual Studio 2013\Projects\TeamOP_DijkstrasAlgo\MapDll\MapDll.vcxproj" auf Knoten "2", Rebuild Ziel(e).
     1>C:\Program Files (x86)\MSBuild\Microsoft.Cpp\v4.0\V120\Microsoft.CppBuild.targets(357,5): warning MSB8004: Output Directory does not end with a trailing slash.  This build instance will add the slash as it is required to allow proper evaluation of the Output Directory.
     1>ClCompile:
         C:\Program Files (x86)\Microsoft Visual Studio 12.0\VC\bin\CL.exe /c /ZI /nologo /W3 /WX- /Od /Oy- /D WIN32 /D _DEBUG /D _WINDOWS /D _USRDLL /D MAPDLL_EXPORTS /D _WINDLL /D _UNICODE /D UNICODE /Gm /EHsc /RTC1 /MDd /GS /fp:precise /Zc:wchar_t /Zc:forScope /Yc"stdafx.h" /Fp"Debug\MapDll.pch" /Fo"Debug\\" /Fd"Debug\vc120.pdb" /Gd /TP /analyze- /errorReport:prompt stdafx.cpp
         stdafx.cpp
         C:\Program Files (x86)\Microsoft Visual Studio 12.0\VC\bin\CL.exe /c /ZI /nologo /W3 /WX- /Od /Oy- /D WIN32 /D _DEBUG /D _WINDOWS /D _USRDLL /D MAPDLL_EXPORTS /D _WINDLL /D _UNICODE /D UNICODE /Gm /EHsc /RTC1 /MDd /GS /fp:precise /Zc:wchar_t /Zc:forScope /Fo"Debug\\" /Fd"Debug\vc120.pdb" /Gd /TP /analyze- /errorReport:prompt dllmain.cpp
         dllmain.cpp
         C:\Program Files (x86)\Microsoft Visual Studio 12.0\VC\bin\CL.exe /c /ZI /nologo /W3 /WX- /Od /Oy- /D WIN32 /D _DEBUG /D _WINDOWS /D _USRDLL /D MAPDLL_EXPORTS /D _WINDLL /D _UNICODE /D UNICODE /Gm /EHsc /RTC1 /MDd /GS /fp:precise /Zc:wchar_t /Zc:forScope /Yu"stdafx.h" /Fp"Debug\MapDll.pch" /Fo"Debug\\" /Fd"Debug\vc120.pdb" /Gd /TP /analyze- /errorReport:prompt DLLManager.cpp MapDll.cpp Node.cpp
         Node.cpp
     1>c:\users\tim\documents\visual studio 2013\projects\teamop_dijkstrasalgo\mapdll\node.cpp(7): warning C4996: 'getch': The POSIX name for this item is deprecated. Instead, use the ISO C++ conformant name: _getch. See online help for details.
                 c:\program files (x86)\microsoft visual studio 12.0\vc\include\conio.h(131): Siehe Deklaration von 'getch'
         MapDll.cpp
     1>c:\users\tim\documents\visual studio 2013\projects\teamop_dijkstrasalgo\mapdll\mapdll.cpp(13): warning C4996: 'getch': The POSIX name for this item is deprecated. Instead, use the ISO C++ conformant name: _getch. See online help for details.
                 c:\program files (x86)\microsoft visual studio 12.0\vc\include\conio.h(131): Siehe Deklaration von 'getch'
     1>c:\users\tim\documents\visual studio 2013\projects\teamop_dijkstrasalgo\mapdll\mapdll.cpp(15): warning C4996: 'getch': The POSIX name for this item is deprecated. Instead, use the ISO C++ conformant name: _getch. See online help for details.
                 c:\program files (x86)\microsoft visual studio 12.0\vc\include\conio.h(131): Siehe Deklaration von 'getch'
         DLLManager.cpp
         Code wird generiert...
       Link:
         C:\Program Files (x86)\Microsoft Visual Studio 12.0\VC\bin\link.exe /ERRORREPORT:PROMPT /OUT:"..\..\testprojekt\DllUser\bin\Debug\MapDll.dll" /INCREMENTAL /NOLOGO kernel32.lib user32.lib gdi32.lib winspool.lib comdlg32.lib advapi32.lib shell32.lib ole32.lib oleaut32.lib uuid.lib odbc32.lib odbccp32.lib /MANIFEST /MANIFESTUAC:"level='asInvoker' uiAccess='false'" /manifest:embed /DEBUG /PDB:"..\..\testprojekt\DllUser\bin\Debug\MapDll.pdb" /SUBSYSTEM:WINDOWS /TLBID:1 /DYNAMICBASE /NXCOMPAT /IMPLIB:"..\..\testprojekt\DllUser\bin\Debug\MapDll.lib" /MACHINE:X86 /DLL Debug\dllmain.obj
         Debug\DLLManager.obj
         Debug\MapDll.obj
         Debug\Node.obj
         Debug\stdafx.obj
            Bibliothek "..\..\testprojekt\DllUser\bin\Debug\MapDll.lib" und Objekt "..\..\testprojekt\DllUser\bin\Debug\MapDll.exp" werden erstellt.
         MapDll.vcxproj -> C:\Users\Tim\Documents\Visual Studio 2013\Projects\TeamOP_DijkstrasAlgo\MapDll\..\..\testprojekt\DllUser\bin\Debug\MapDll.dll
     1>Die Erstellung des Projekts "C:\Users\Tim\Documents\Visual Studio 2013\Projects\TeamOP_DijkstrasAlgo\MapDll\MapDll.vcxproj" ist abgeschlossen, Rebuild Ziel(e).

Build erfolgreich.

Verstrichene Zeit 00:00:07.42
